<?xml version="1.0" encoding="UTF-8"?>
<!-- Generated by org.testng.reporters.JUnitReportReporter -->
<testsuite hostname="ULVMCTMTTL107" name="Testscript.NumberHosting" tests="4" failures="0" timestamp="1 Oct 2019 13:56:40 GMT" time="227.104" errors="0">
  <testcase name="NumberInquiry" time="43.788" classname="Testscript.NumberHosting"/>
  <testcase name="NumberInquiry" time="115.167" classname="Testscript.NumberHosting"/>
  <testcase name="NumberInquiry" time="47.417" classname="Testscript.NumberHosting"/>
  <testcase name="NumberInquiry" time="20.732" classname="Testscript.NumberHosting"/>
</testsuite> <!-- Testscript.NumberHosting -->
