<?xml version="1.0" encoding="UTF-8"?>
<!-- Generated by org.testng.reporters.JUnitReportReporter -->
<testsuite hostname="360NDCLP119" name="Testscript.Login" tests="1" failures="0" timestamp="12 May 2019 14:06:06 GMT" time="637.667" errors="0">
  <testcase name="LoginonC4C" time="637.667" classname="Testscript.Login"/>
</testsuite> <!-- Testscript.Login -->
