<?xml version="1.0" encoding="UTF-8"?>
<!-- Generated by org.testng.reporters.JUnitReportReporter -->
<testsuite hostname="ULVMCTMTTL107" name="Testscript.NumberHosting" tests="9" failures="0" timestamp="9 Oct 2019 07:12:48 GMT" time="955.864" errors="0">
  <testcase name="NumberInquiry" time="111.996" classname="Testscript.NumberHosting"/>
  <testcase name="NumberInquiry" time="87.587" classname="Testscript.NumberHosting"/>
  <testcase name="NumberInquiry" time="82.486" classname="Testscript.NumberHosting"/>
  <testcase name="NumberInquiry" time="349.965" classname="Testscript.NumberHosting"/>
  <testcase name="NumberInquiry" time="17.302" classname="Testscript.NumberHosting"/>
  <testcase name="NumberInquiry" time="82.349" classname="Testscript.NumberHosting"/>
  <testcase name="NumberInquiry" time="42.590" classname="Testscript.NumberHosting"/>
  <testcase name="NumberInquiry" time="89.968" classname="Testscript.NumberHosting"/>
  <testcase name="NumberInquiry" time="91.621" classname="Testscript.NumberHosting"/>
</testsuite> <!-- Testscript.NumberHosting -->
