<?xml version="1.0" encoding="UTF-8"?>
<!-- Generated by org.testng.reporters.JUnitReportReporter -->
<testsuite hostname="360NDCLP119" name="Testscript.StandardOrder" tests="1" failures="0" timestamp="19 May 2019 11:35:14 GMT" time="323.956" errors="0">
  <testcase name="EndtoEndOrder" time="323.956" classname="Testscript.StandardOrder"/>
</testsuite> <!-- Testscript.StandardOrder -->
