<?xml version="1.0" encoding="UTF-8"?>
<!-- Generated by org.testng.reporters.JUnitReportReporter -->
<testsuite hostname="ULVMCTMTTL107" name="Testscript.NumberHosting" tests="4" failures="0" timestamp="27 Sep 2019 12:15:15 GMT" time="108.516" errors="0">
  <testcase name="NumberInquiry" time="43.062" classname="Testscript.NumberHosting"/>
  <testcase name="NumberInquiry" time="18.370" classname="Testscript.NumberHosting"/>
  <testcase name="NumberInquiry" time="24.226" classname="Testscript.NumberHosting"/>
  <testcase name="NumberInquiry" time="22.858" classname="Testscript.NumberHosting"/>
</testsuite> <!-- Testscript.NumberHosting -->
