<?xml version="1.0" encoding="UTF-8"?>
<!-- Generated by org.testng.reporters.JUnitReportReporter -->
<testsuite hostname="IGL70596" failures="0" tests="6" name="Testscript.NumberHosting" time="46.885" errors="0" timestamp="25 Nov 2019 07:10:30 GMT">
  <testcase classname="Testscript.NumberHosting" name="NumberInquiry" time="7.401"/>
  <testcase classname="Testscript.NumberHosting" name="NumberInquiry" time="7.035"/>
  <testcase classname="Testscript.NumberHosting" name="NumberInquiry" time="9.976"/>
  <testcase classname="Testscript.NumberHosting" name="NumberInquiry" time="7.668"/>
  <testcase classname="Testscript.NumberHosting" name="NumberInquiry" time="7.476"/>
  <testcase classname="Testscript.NumberHosting" name="NumberInquiry" time="7.329"/>
</testsuite> <!-- Testscript.NumberHosting -->
