<?xml version="1.0" encoding="UTF-8"?>
<!-- Generated by org.testng.reporters.JUnitReportReporter -->
<testsuite hostname="ULVMCTMTTL107" name="Testscript.NumberHosting" tests="2" failures="0" timestamp="22 Oct 2019 07:30:01 GMT" time="268.806" errors="0">
  <testcase name="NumberInquiry" time="228.333" classname="Testscript.NumberHosting"/>
  <testcase name="NumberInquiry" time="40.473" classname="Testscript.NumberHosting"/>
</testsuite> <!-- Testscript.NumberHosting -->
