<?xml version="1.0" encoding="UTF-8"?>
<!-- Generated by org.testng.reporters.JUnitReportReporter -->
<testsuite hostname="360NDCLP119" name="Testscript.StandardOrder" tests="1" failures="0" timestamp="17 May 2019 10:05:33 GMT" time="281.076" errors="0">
  <testcase name="EndtoEndOrder" time="281.076" classname="Testscript.StandardOrder"/>
</testsuite> <!-- Testscript.StandardOrder -->
