<?xml version="1.0" encoding="UTF-8"?>
<!-- Generated by org.testng.reporters.JUnitReportReporter -->
<testsuite hostname="ULVMCTMTTL108" failures="0" tests="2" name="Testscript.NumberHosting" time="69.884" errors="0" timestamp="4 Oct 2019 10:46:44 GMT">
  <testcase classname="Testscript.NumberHosting" name="NumberInquiry" time="48.531"/>
  <testcase classname="Testscript.NumberHosting" name="NumberInquiry" time="21.353"/>
</testsuite> <!-- Testscript.NumberHosting -->
