<?xml version="1.0" encoding="UTF-8"?>
<!-- Generated by org.testng.reporters.JUnitReportReporter -->
<testsuite hostname="360NDCLP119" name="Testscript.StandardOrder2" tests="1" failures="0" timestamp="16 May 2019 08:27:58 GMT" time="95.749" errors="0">
  <testcase name="EndtoEndOrdertest" time="95.749" classname="Testscript.StandardOrder2"/>
</testsuite> <!-- Testscript.StandardOrder2 -->
