<?xml version="1.0" encoding="UTF-8"?>
<!-- Generated by org.testng.reporters.JUnitReportReporter -->
<testsuite hostname="ULVMCTMTTL108" failures="0" tests="1" name="Testscript.NumberHosting" time="209.978" errors="0" timestamp="7 Oct 2019 05:31:34 GMT">
  <testcase classname="Testscript.NumberHosting" name="NumberInquiry" time="209.978"/>
</testsuite> <!-- Testscript.NumberHosting -->
