<?xml version="1.0" encoding="UTF-8"?>
<!-- Generated by org.testng.reporters.JUnitReportReporter -->
<testsuite hostname="ULVMCTMTTL107" name="Testscript.NumberHosting" tests="1" failures="0" timestamp="21 Oct 2019 12:35:15 GMT" time="48.133" errors="0">
  <testcase name="NumberInquiry" time="48.133" classname="Testscript.NumberHosting"/>
</testsuite> <!-- Testscript.NumberHosting -->
