<?xml version="1.0" encoding="UTF-8"?>
<!-- Generated by org.testng.reporters.JUnitReportReporter -->
<testsuite hostname="ULVMCTMTTL108" failures="0" tests="1" name="Testscript.NumberHosting" time="93.096" errors="0" timestamp="11 Oct 2019 12:32:02 GMT">
  <testcase classname="Testscript.NumberHosting" name="NumberInquiry" time="93.096"/>
</testsuite> <!-- Testscript.NumberHosting -->
